<?xml version="1.0" encoding="UTF-8"?>
<coverage generated="1626545726187" clover="3.2.0">
  <project timestamp="1626545726187" name="All files">
    <metrics statements="17" coveredstatements="15" conditionals="6" coveredconditionals="3" methods="5" coveredmethods="5" elements="28" coveredelements="23" complexity="0" loc="17" ncloc="17" packages="1" files="1" classes="1"/>
    <file name="skylab-array.js" path="C:\Users\ACER\Desktop\gitprueba\skylab-bootcamp-202107-bcn\manuel-barra\challenges\arraymetods\src\skylab-array.js">
      <metrics statements="17" coveredstatements="15" conditionals="6" coveredconditionals="3" methods="5" coveredmethods="5"/>
      <line num="5" count="1" type="stmt"/>
      <line num="10" count="2" type="stmt"/>
      <line num="12" count="3" type="stmt"/>
      <line num="13" count="3" type="stmt"/>
      <line num="15" count="2" type="stmt"/>
      <line num="19" count="1" type="cond" truecount="1" falsecount="1"/>
      <line num="20" count="1" type="stmt"/>
      <line num="22" count="1" type="stmt"/>
      <line num="27" count="2" type="stmt"/>
      <line num="28" count="2" type="cond" truecount="1" falsecount="1"/>
      <line num="29" count="2" type="stmt"/>
      <line num="31" count="0" type="stmt"/>
      <line num="37" count="1" type="stmt"/>
      <line num="38" count="1" type="cond" truecount="1" falsecount="1"/>
      <line num="39" count="1" type="stmt"/>
      <line num="41" count="0" type="stmt"/>
      <line num="45" count="1" type="stmt"/>
    </file>
  </project>
</coverage>
