{"C:\\Users\\ACER\\Desktop\\gitprueba\\skylab-bootcamp-202107-bcn\\manuel-barra\\challenges\\arraymetods\\src\\skylab-array.js": {"path":"C:\\Users\\ACER\\Desktop\\gitprueba\\skylab-bootcamp-202107-bcn\\manuel-barra\\challenges\\arraymetods\\src\\skylab-array.js","statementMap":{"0":{"start":{"line":5,"column":4},"end":{"line":5,"column":20}},"1":{"start":{"line":10,"column":4},"end":{"line":14,"column":5}},"2":{"start":{"line":10,"column":21},"end":{"line":10,"column":22}},"3":{"start":{"line":12,"column":6},"end":{"line":12,"column":43}},"4":{"start":{"line":13,"column":6},"end":{"line":13,"column":23}},"5":{"start":{"line":15,"column":4},"end":{"line":15,"column":23}},"6":{"start":{"line":19,"column":4},"end":{"line":19,"column":60}},"7":{"start":{"line":19,"column":29},"end":{"line":19,"column":58}},"8":{"start":{"line":20,"column":4},"end":{"line":20,"column":21}},"9":{"start":{"line":22,"column":4},"end":{"line":22,"column":23}},"10":{"start":{"line":27,"column":4},"end":{"line":32,"column":5}},"11":{"start":{"line":27,"column":25},"end":{"line":27,"column":26}},"12":{"start":{"line":28,"column":6},"end":{"line":30,"column":7}},"13":{"start":{"line":29,"column":8},"end":{"line":29,"column":20}},"14":{"start":{"line":31,"column":6},"end":{"line":31,"column":19}},"15":{"start":{"line":37,"column":4},"end":{"line":42,"column":5}},"16":{"start":{"line":37,"column":17},"end":{"line":37,"column":18}},"17":{"start":{"line":38,"column":6},"end":{"line":40,"column":7}},"18":{"start":{"line":39,"column":8},"end":{"line":39,"column":23}},"19":{"start":{"line":41,"column":6},"end":{"line":41,"column":19}},"20":{"start":{"line":45,"column":0},"end":{"line":45,"column":29}}},"fnMap":{"0":{"name":"(anonymous_0)","decl":{"start":{"line":4,"column":2},"end":{"line":4,"column":3}},"loc":{"start":{"line":4,"column":16},"end":{"line":6,"column":3}},"line":4},"1":{"name":"(anonymous_1)","decl":{"start":{"line":8,"column":2},"end":{"line":8,"column":3}},"loc":{"start":{"line":8,"column":9},"end":{"line":16,"column":3}},"line":8},"2":{"name":"(anonymous_2)","decl":{"start":{"line":18,"column":2},"end":{"line":18,"column":3}},"loc":{"start":{"line":18,"column":8},"end":{"line":23,"column":3}},"line":18},"3":{"name":"(anonymous_3)","decl":{"start":{"line":26,"column":2},"end":{"line":26,"column":3}},"loc":{"start":{"line":26,"column":17},"end":{"line":33,"column":3}},"line":26},"4":{"name":"(anonymous_4)","decl":{"start":{"line":36,"column":2},"end":{"line":36,"column":3}},"loc":{"start":{"line":36,"column":17},"end":{"line":43,"column":3}},"line":36}},"branchMap":{"0":{"loc":{"start":{"line":19,"column":4},"end":{"line":19,"column":60}},"type":"if","locations":[{"start":{"line":19,"column":4},"end":{"line":19,"column":60}},{"start":{"line":19,"column":4},"end":{"line":19,"column":60}}],"line":19},"1":{"loc":{"start":{"line":28,"column":6},"end":{"line":30,"column":7}},"type":"if","locations":[{"start":{"line":28,"column":6},"end":{"line":30,"column":7}},{"start":{"line":28,"column":6},"end":{"line":30,"column":7}}],"line":28},"2":{"loc":{"start":{"line":38,"column":6},"end":{"line":40,"column":7}},"type":"if","locations":[{"start":{"line":38,"column":6},"end":{"line":40,"column":7}},{"start":{"line":38,"column":6},"end":{"line":40,"column":7}}],"line":38}},"s":{"0":1,"1":2,"2":2,"3":3,"4":3,"5":2,"6":1,"7":1,"8":1,"9":1,"10":2,"11":2,"12":2,"13":2,"14":0,"15":1,"16":1,"17":1,"18":1,"19":0,"20":1},"f":{"0":1,"1":2,"2":1,"3":2,"4":1},"b":{"0":[1,0],"1":[2,0],"2":[1,0]},"_coverageSchema":"1a1c01bbd47fc00a2c39e90264f33305004495a9","hash":"a3b1bcd909de9b7a9647dacba83a30bbc183c37a"}
}
