<?xml version="1.0" encoding="UTF-8"?>
<coverage generated="1627641413336" clover="3.2.0">
  <project timestamp="1627641413336" name="All files">
    <metrics statements="80" coveredstatements="31" conditionals="16" coveredconditionals="10" methods="35" coveredmethods="18" elements="131" coveredelements="59" complexity="0" loc="80" ncloc="80" packages="11" files="15" classes="15"/>
    <package name="src">
      <metrics statements="11" coveredstatements="1" conditionals="4" coveredconditionals="0" methods="3" coveredmethods="1"/>
      <file name="App.jsx" path="C:\Users\ACER\Desktop\gitprueba\skylab-bootcamp-202107-bcn\manuel-barra\lectures\userlistv2\src\App.jsx">
        <metrics statements="1" coveredstatements="1" conditionals="0" coveredconditionals="0" methods="1" coveredmethods="1"/>
        <line num="18" count="1" type="stmt"/>
      </file>
      <file name="index.jsx" path="C:\Users\ACER\Desktop\gitprueba\skylab-bootcamp-202107-bcn\manuel-barra\lectures\userlistv2\src\index.jsx">
        <metrics statements="2" coveredstatements="0" conditionals="0" coveredconditionals="0" methods="0" coveredmethods="0"/>
        <line num="8" count="0" type="stmt"/>
        <line num="18" count="0" type="stmt"/>
      </file>
      <file name="reportWebVitals.js" path="C:\Users\ACER\Desktop\gitprueba\skylab-bootcamp-202107-bcn\manuel-barra\lectures\userlistv2\src\reportWebVitals.js">
        <metrics statements="8" coveredstatements="0" conditionals="4" coveredconditionals="0" methods="2" coveredmethods="0"/>
        <line num="1" count="0" type="stmt"/>
        <line num="2" count="0" type="cond" truecount="0" falsecount="4"/>
        <line num="3" count="0" type="stmt"/>
        <line num="6" count="0" type="stmt"/>
        <line num="7" count="0" type="stmt"/>
        <line num="8" count="0" type="stmt"/>
        <line num="9" count="0" type="stmt"/>
        <line num="10" count="0" type="stmt"/>
      </file>
    </package>
    <package name="src.components.Header">
      <metrics statements="1" coveredstatements="1" conditionals="0" coveredconditionals="0" methods="1" coveredmethods="1"/>
      <file name="Header.jsx" path="C:\Users\ACER\Desktop\gitprueba\skylab-bootcamp-202107-bcn\manuel-barra\lectures\userlistv2\src\components\Header\Header.jsx">
        <metrics statements="1" coveredstatements="1" conditionals="0" coveredconditionals="0" methods="1" coveredmethods="1"/>
        <line num="6" count="2" type="stmt"/>
      </file>
    </package>
    <package name="src.components.UserForm">
      <metrics statements="1" coveredstatements="1" conditionals="0" coveredconditionals="0" methods="1" coveredmethods="1"/>
      <file name="UserForm.jsx" path="C:\Users\ACER\Desktop\gitprueba\skylab-bootcamp-202107-bcn\manuel-barra\lectures\userlistv2\src\components\UserForm\UserForm.jsx">
        <metrics statements="1" coveredstatements="1" conditionals="0" coveredconditionals="0" methods="1" coveredmethods="1"/>
        <line num="7" count="4" type="stmt"/>
      </file>
    </package>
    <package name="src.constants">
      <metrics statements="0" coveredstatements="0" conditionals="0" coveredconditionals="0" methods="0" coveredmethods="0"/>
      <file name="users.mock.js" path="C:\Users\ACER\Desktop\gitprueba\skylab-bootcamp-202107-bcn\manuel-barra\lectures\userlistv2\src\constants\users.mock.js">
        <metrics statements="0" coveredstatements="0" conditionals="0" coveredconditionals="0" methods="0" coveredmethods="0"/>
      </file>
    </package>
    <package name="src.pages.Detail">
      <metrics statements="9" coveredstatements="6" conditionals="0" coveredconditionals="0" methods="7" coveredmethods="4"/>
      <file name="Detail.jsx" path="C:\Users\ACER\Desktop\gitprueba\skylab-bootcamp-202107-bcn\manuel-barra\lectures\userlistv2\src\pages\Detail\Detail.jsx">
        <metrics statements="9" coveredstatements="6" conditionals="0" coveredconditionals="0" methods="7" coveredmethods="4"/>
        <line num="12" count="2" type="stmt"/>
        <line num="13" count="2" type="stmt"/>
        <line num="14" count="4" type="stmt"/>
        <line num="15" count="20" type="stmt"/>
        <line num="18" count="0" type="stmt"/>
        <line num="22" count="0" type="stmt"/>
        <line num="26" count="0" type="stmt"/>
        <line num="29" count="2" type="stmt"/>
        <line num="45" count="1" type="stmt"/>
      </file>
    </package>
    <package name="src.pages.List">
      <metrics statements="41" coveredstatements="5" conditionals="2" coveredconditionals="0" methods="15" coveredmethods="3"/>
      <file name="List.jsx" path="C:\Users\ACER\Desktop\gitprueba\skylab-bootcamp-202107-bcn\manuel-barra\lectures\userlistv2\src\pages\List\List.jsx">
        <metrics statements="10" coveredstatements="5" conditionals="2" coveredconditionals="0" methods="6" coveredmethods="3"/>
        <line num="10" count="1" type="stmt"/>
        <line num="11" count="2" type="stmt"/>
        <line num="12" count="1" type="stmt"/>
        <line num="15" count="0" type="cond" truecount="0" falsecount="2"/>
        <line num="16" count="0" type="stmt"/>
        <line num="20" count="0" type="stmt"/>
        <line num="23" count="1" type="stmt"/>
        <line num="29" count="0" type="stmt"/>
        <line num="41" count="10" type="stmt"/>
        <line num="51" count="0" type="stmt"/>
      </file>
      <file name="List.text.js" path="C:\Users\ACER\Desktop\gitprueba\skylab-bootcamp-202107-bcn\manuel-barra\lectures\userlistv2\src\pages\List\List.text.js">
        <metrics statements="31" coveredstatements="0" conditionals="0" coveredconditionals="0" methods="9" coveredmethods="0"/>
        <line num="12" count="0" type="stmt"/>
        <line num="13" count="0" type="stmt"/>
        <line num="14" count="0" type="stmt"/>
        <line num="19" count="0" type="stmt"/>
        <line num="21" count="0" type="stmt"/>
        <line num="22" count="0" type="stmt"/>
        <line num="23" count="0" type="stmt"/>
        <line num="28" count="0" type="stmt"/>
        <line num="29" count="0" type="stmt"/>
        <line num="32" count="0" type="stmt"/>
        <line num="33" count="0" type="stmt"/>
        <line num="34" count="0" type="stmt"/>
        <line num="40" count="0" type="stmt"/>
        <line num="41" count="0" type="stmt"/>
        <line num="42" count="0" type="stmt"/>
        <line num="45" count="0" type="stmt"/>
        <line num="46" count="0" type="stmt"/>
        <line num="47" count="0" type="stmt"/>
        <line num="48" count="0" type="stmt"/>
        <line num="49" count="0" type="stmt"/>
        <line num="55" count="0" type="stmt"/>
        <line num="56" count="0" type="stmt"/>
        <line num="57" count="0" type="stmt"/>
        <line num="60" count="0" type="stmt"/>
        <line num="61" count="0" type="stmt"/>
        <line num="62" count="0" type="stmt"/>
        <line num="63" count="0" type="stmt"/>
        <line num="64" count="0" type="stmt"/>
        <line num="65" count="0" type="stmt"/>
        <line num="70" count="0" type="stmt"/>
        <line num="71" count="0" type="stmt"/>
      </file>
    </package>
    <package name="src.pages.NotFound">
      <metrics statements="1" coveredstatements="1" conditionals="0" coveredconditionals="0" methods="1" coveredmethods="1"/>
      <file name="NotFound.jsx" path="C:\Users\ACER\Desktop\gitprueba\skylab-bootcamp-202107-bcn\manuel-barra\lectures\userlistv2\src\pages\NotFound\NotFound.jsx">
        <metrics statements="1" coveredstatements="1" conditionals="0" coveredconditionals="0" methods="1" coveredmethods="1"/>
        <line num="4" count="1" type="stmt"/>
      </file>
    </package>
    <package name="src.redux.actions">
      <metrics statements="0" coveredstatements="0" conditionals="0" coveredconditionals="0" methods="0" coveredmethods="0"/>
      <file name="action.types.js" path="C:\Users\ACER\Desktop\gitprueba\skylab-bootcamp-202107-bcn\manuel-barra\lectures\userlistv2\src\redux\actions\action.types.js">
        <metrics statements="0" coveredstatements="0" conditionals="0" coveredconditionals="0" methods="0" coveredmethods="0"/>
      </file>
    </package>
    <package name="src.redux.reducers">
      <metrics statements="12" coveredstatements="12" conditionals="7" coveredconditionals="7" methods="4" coveredmethods="4"/>
      <file name="index.js" path="C:\Users\ACER\Desktop\gitprueba\skylab-bootcamp-202107-bcn\manuel-barra\lectures\userlistv2\src\redux\reducers\index.js">
        <metrics statements="0" coveredstatements="0" conditionals="0" coveredconditionals="0" methods="0" coveredmethods="0"/>
      </file>
      <file name="usersReducer.js" path="C:\Users\ACER\Desktop\gitprueba\skylab-bootcamp-202107-bcn\manuel-barra\lectures\userlistv2\src\redux\reducers\usersReducer.js">
        <metrics statements="12" coveredstatements="12" conditionals="7" coveredconditionals="7" methods="4" coveredmethods="4"/>
        <line num="5" count="23" type="stmt"/>
        <line num="6" count="23" type="cond" truecount="4" falsecount="0"/>
        <line num="8" count="2" type="stmt"/>
        <line num="10" count="20" type="stmt"/>
        <line num="12" count="2" type="stmt"/>
        <line num="14" count="20" type="stmt"/>
        <line num="15" count="2" type="stmt"/>
        <line num="17" count="2" type="stmt"/>
        <line num="18" count="20" type="cond" truecount="2" falsecount="0"/>
        <line num="19" count="2" type="stmt"/>
        <line num="21" count="17" type="stmt"/>
        <line num="23" count="23" type="stmt"/>
      </file>
    </package>
    <package name="src.redux.store">
      <metrics statements="2" coveredstatements="2" conditionals="2" coveredconditionals="2" methods="1" coveredmethods="1"/>
      <file name="index.js" path="C:\Users\ACER\Desktop\gitprueba\skylab-bootcamp-202107-bcn\manuel-barra\lectures\userlistv2\src\redux\store\index.js">
        <metrics statements="2" coveredstatements="2" conditionals="2" coveredconditionals="2" methods="1" coveredmethods="1"/>
        <line num="5" count="7" type="cond" truecount="2" falsecount="0"/>
        <line num="7" count="7" type="stmt"/>
      </file>
    </package>
    <package name="src.utils">
      <metrics statements="2" coveredstatements="2" conditionals="1" coveredconditionals="1" methods="2" coveredmethods="2"/>
      <file name="test-utils.js" path="C:\Users\ACER\Desktop\gitprueba\skylab-bootcamp-202107-bcn\manuel-barra\lectures\userlistv2\src\utils\test-utils.js">
        <metrics statements="2" coveredstatements="2" conditionals="1" coveredconditionals="1" methods="2" coveredmethods="2"/>
        <line num="19" count="6" type="stmt"/>
        <line num="27" count="6" type="stmt"/>
      </file>
    </package>
  </project>
</coverage>
