{"C:\\Users\\ACER\\Desktop\\gitprueba\\skylab-bootcamp-202107-bcn\\manuel-barra\\lectures\\userlistv2\\src\\App.jsx": {"path":"C:\\Users\\ACER\\Desktop\\gitprueba\\skylab-bootcamp-202107-bcn\\manuel-barra\\lectures\\userlistv2\\src\\App.jsx","statementMap":{"0":{"start":{"line":18,"column":2},"end":{"line":30,"column":4}}},"fnMap":{"0":{"name":"App","decl":{"start":{"line":17,"column":9},"end":{"line":17,"column":12}},"loc":{"start":{"line":17,"column":15},"end":{"line":31,"column":1}},"line":17}},"branchMap":{},"s":{"0":1},"f":{"0":1},"b":{},"_coverageSchema":"1a1c01bbd47fc00a2c39e90264f33305004495a9","hash":"65aa955037f2581e5d6e2112e6b2d367c1bd7761"}
,"C:\\Users\\ACER\\Desktop\\gitprueba\\skylab-bootcamp-202107-bcn\\manuel-barra\\lectures\\userlistv2\\src\\index.jsx": {"path":"C:\\Users\\ACER\\Desktop\\gitprueba\\skylab-bootcamp-202107-bcn\\manuel-barra\\lectures\\userlistv2\\src\\index.jsx","statementMap":{"0":{"start":{"line":8,"column":0},"end":{"line":13,"column":2}},"1":{"start":{"line":18,"column":0},"end":{"line":18,"column":18}}},"fnMap":{},"branchMap":{},"s":{"0":0,"1":0},"f":{},"b":{}}
,"C:\\Users\\ACER\\Desktop\\gitprueba\\skylab-bootcamp-202107-bcn\\manuel-barra\\lectures\\userlistv2\\src\\reportWebVitals.js": {"path":"C:\\Users\\ACER\\Desktop\\gitprueba\\skylab-bootcamp-202107-bcn\\manuel-barra\\lectures\\userlistv2\\src\\reportWebVitals.js","statementMap":{"0":{"start":{"line":1,"column":24},"end":{"line":13,"column":1}},"1":{"start":{"line":2,"column":2},"end":{"line":12,"column":3}},"2":{"start":{"line":3,"column":4},"end":{"line":11,"column":7}},"3":{"start":{"line":6,"column":6},"end":{"line":6,"column":26}},"4":{"start":{"line":7,"column":6},"end":{"line":7,"column":26}},"5":{"start":{"line":8,"column":6},"end":{"line":8,"column":26}},"6":{"start":{"line":9,"column":6},"end":{"line":9,"column":26}},"7":{"start":{"line":10,"column":6},"end":{"line":10,"column":27}}},"fnMap":{"0":{"name":"(anonymous_0)","decl":{"start":{"line":1,"column":24},"end":{"line":1,"column":25}},"loc":{"start":{"line":1,"column":41},"end":{"line":13,"column":1}},"line":1},"1":{"name":"(anonymous_1)","decl":{"start":{"line":3,"column":30},"end":{"line":3,"column":31}},"loc":{"start":{"line":5,"column":10},"end":{"line":11,"column":5}},"line":5}},"branchMap":{"0":{"loc":{"start":{"line":2,"column":2},"end":{"line":12,"column":3}},"type":"if","locations":[{"start":{"line":2,"column":2},"end":{"line":12,"column":3}},{"start":{"line":2,"column":2},"end":{"line":12,"column":3}}],"line":2},"1":{"loc":{"start":{"line":2,"column":6},"end":{"line":2,"column":52}},"type":"binary-expr","locations":[{"start":{"line":2,"column":6},"end":{"line":2,"column":17}},{"start":{"line":2,"column":21},"end":{"line":2,"column":52}}],"line":2}},"s":{"0":0,"1":0,"2":0,"3":0,"4":0,"5":0,"6":0,"7":0},"f":{"0":0,"1":0},"b":{"0":[0,0],"1":[0,0]}}
,"C:\\Users\\ACER\\Desktop\\gitprueba\\skylab-bootcamp-202107-bcn\\manuel-barra\\lectures\\userlistv2\\src\\components\\Header\\Header.jsx": {"path":"C:\\Users\\ACER\\Desktop\\gitprueba\\skylab-bootcamp-202107-bcn\\manuel-barra\\lectures\\userlistv2\\src\\components\\Header\\Header.jsx","statementMap":{"0":{"start":{"line":6,"column":2},"end":{"line":11,"column":4}}},"fnMap":{"0":{"name":"Header","decl":{"start":{"line":5,"column":9},"end":{"line":5,"column":15}},"loc":{"start":{"line":5,"column":18},"end":{"line":12,"column":1}},"line":5}},"branchMap":{},"s":{"0":2},"f":{"0":2},"b":{},"_coverageSchema":"1a1c01bbd47fc00a2c39e90264f33305004495a9","hash":"02464f1237a92e844e7961155b37df72f20f02a7"}
,"C:\\Users\\ACER\\Desktop\\gitprueba\\skylab-bootcamp-202107-bcn\\manuel-barra\\lectures\\userlistv2\\src\\components\\UserForm\\UserForm.jsx": {"path":"C:\\Users\\ACER\\Desktop\\gitprueba\\skylab-bootcamp-202107-bcn\\manuel-barra\\lectures\\userlistv2\\src\\components\\UserForm\\UserForm.jsx","statementMap":{"0":{"start":{"line":7,"column":2},"end":{"line":71,"column":4}}},"fnMap":{"0":{"name":"UserForm","decl":{"start":{"line":4,"column":9},"end":{"line":4,"column":17}},"loc":{"start":{"line":6,"column":3},"end":{"line":72,"column":1}},"line":6}},"branchMap":{},"s":{"0":4},"f":{"0":4},"b":{},"_coverageSchema":"1a1c01bbd47fc00a2c39e90264f33305004495a9","hash":"3c0b1c1c3b7cc2a6e5081ec93ee8b315fea82bcc"}
,"C:\\Users\\ACER\\Desktop\\gitprueba\\skylab-bootcamp-202107-bcn\\manuel-barra\\lectures\\userlistv2\\src\\constants\\users.mock.js": {"path":"C:\\Users\\ACER\\Desktop\\gitprueba\\skylab-bootcamp-202107-bcn\\manuel-barra\\lectures\\userlistv2\\src\\constants\\users.mock.js","statementMap":{},"fnMap":{},"branchMap":{},"s":{},"f":{},"b":{},"_coverageSchema":"1a1c01bbd47fc00a2c39e90264f33305004495a9","hash":"8edd1cd7864fb6e3f32565301c599a82362e6f30"}
,"C:\\Users\\ACER\\Desktop\\gitprueba\\skylab-bootcamp-202107-bcn\\manuel-barra\\lectures\\userlistv2\\src\\pages\\Detail\\Detail.jsx": {"path":"C:\\Users\\ACER\\Desktop\\gitprueba\\skylab-bootcamp-202107-bcn\\manuel-barra\\lectures\\userlistv2\\src\\pages\\Detail\\Detail.jsx","statementMap":{"0":{"start":{"line":12,"column":19},"end":{"line":12,"column":32}},"1":{"start":{"line":13,"column":21},"end":{"line":13,"column":32}},"2":{"start":{"line":14,"column":16},"end":{"line":14,"column":51}},"3":{"start":{"line":14,"column":39},"end":{"line":14,"column":50}},"4":{"start":{"line":15,"column":26},"end":{"line":15,"column":84}},"5":{"start":{"line":15,"column":58},"end":{"line":15,"column":82}},"6":{"start":{"line":18,"column":4},"end":{"line":18,"column":66}},"7":{"start":{"line":22,"column":4},"end":{"line":22,"column":79}},"8":{"start":{"line":26,"column":4},"end":{"line":26,"column":79}},"9":{"start":{"line":29,"column":2},"end":{"line":53,"column":4}},"10":{"start":{"line":45,"column":23},"end":{"line":48,"column":10}}},"fnMap":{"0":{"name":"Detail","decl":{"start":{"line":11,"column":9},"end":{"line":11,"column":15}},"loc":{"start":{"line":11,"column":18},"end":{"line":54,"column":1}},"line":11},"1":{"name":"(anonymous_1)","decl":{"start":{"line":14,"column":28},"end":{"line":14,"column":29}},"loc":{"start":{"line":14,"column":39},"end":{"line":14,"column":50}},"line":14},"2":{"name":"(anonymous_2)","decl":{"start":{"line":15,"column":46},"end":{"line":15,"column":47}},"loc":{"start":{"line":15,"column":58},"end":{"line":15,"column":82}},"line":15},"3":{"name":"changeUser","decl":{"start":{"line":17,"column":11},"end":{"line":17,"column":21}},"loc":{"start":{"line":17,"column":29},"end":{"line":19,"column":3}},"line":17},"4":{"name":"changeAddressUser","decl":{"start":{"line":21,"column":11},"end":{"line":21,"column":28}},"loc":{"start":{"line":21,"column":36},"end":{"line":23,"column":3}},"line":21},"5":{"name":"changeCompanyUser","decl":{"start":{"line":25,"column":11},"end":{"line":25,"column":28}},"loc":{"start":{"line":25,"column":36},"end":{"line":27,"column":3}},"line":25},"6":{"name":"(anonymous_6)","decl":{"start":{"line":45,"column":17},"end":{"line":45,"column":18}},"loc":{"start":{"line":45,"column":23},"end":{"line":48,"column":10}},"line":45}},"branchMap":{},"s":{"0":2,"1":2,"2":2,"3":4,"4":2,"5":20,"6":0,"7":0,"8":0,"9":2,"10":1},"f":{"0":2,"1":4,"2":20,"3":0,"4":0,"5":0,"6":1},"b":{},"_coverageSchema":"1a1c01bbd47fc00a2c39e90264f33305004495a9","hash":"39a66af972530677615089a9aa22eb377b18603b"}
,"C:\\Users\\ACER\\Desktop\\gitprueba\\skylab-bootcamp-202107-bcn\\manuel-barra\\lectures\\userlistv2\\src\\pages\\List\\List.jsx": {"path":"C:\\Users\\ACER\\Desktop\\gitprueba\\skylab-bootcamp-202107-bcn\\manuel-barra\\lectures\\userlistv2\\src\\pages\\List\\List.jsx","statementMap":{"0":{"start":{"line":10,"column":19},"end":{"line":10,"column":32}},"1":{"start":{"line":11,"column":16},"end":{"line":11,"column":51}},"2":{"start":{"line":11,"column":39},"end":{"line":11,"column":50}},"3":{"start":{"line":12,"column":40},"end":{"line":12,"column":52}},"4":{"start":{"line":15,"column":4},"end":{"line":15,"column":42}},"5":{"start":{"line":15,"column":35},"end":{"line":15,"column":42}},"6":{"start":{"line":16,"column":4},"end":{"line":19,"column":7}},"7":{"start":{"line":20,"column":4},"end":{"line":20,"column":23}},"8":{"start":{"line":23,"column":2},"end":{"line":62,"column":4}},"9":{"start":{"line":29,"column":139},"end":{"line":29,"column":173}},"10":{"start":{"line":41,"column":10},"end":{"line":58,"column":15}},"11":{"start":{"line":51,"column":29},"end":{"line":54,"column":16}}},"fnMap":{"0":{"name":"List","decl":{"start":{"line":9,"column":9},"end":{"line":9,"column":13}},"loc":{"start":{"line":9,"column":16},"end":{"line":63,"column":1}},"line":9},"1":{"name":"(anonymous_1)","decl":{"start":{"line":11,"column":28},"end":{"line":11,"column":29}},"loc":{"start":{"line":11,"column":39},"end":{"line":11,"column":50}},"line":11},"2":{"name":"createUser","decl":{"start":{"line":14,"column":11},"end":{"line":14,"column":21}},"loc":{"start":{"line":14,"column":24},"end":{"line":21,"column":3}},"line":14},"3":{"name":"(anonymous_3)","decl":{"start":{"line":29,"column":128},"end":{"line":29,"column":129}},"loc":{"start":{"line":29,"column":139},"end":{"line":29,"column":173}},"line":29},"4":{"name":"(anonymous_4)","decl":{"start":{"line":40,"column":19},"end":{"line":40,"column":20}},"loc":{"start":{"line":41,"column":10},"end":{"line":58,"column":15}},"line":41},"5":{"name":"(anonymous_5)","decl":{"start":{"line":51,"column":23},"end":{"line":51,"column":24}},"loc":{"start":{"line":51,"column":29},"end":{"line":54,"column":16}},"line":51}},"branchMap":{"0":{"loc":{"start":{"line":15,"column":4},"end":{"line":15,"column":42}},"type":"if","locations":[{"start":{"line":15,"column":4},"end":{"line":15,"column":42}},{"start":{"line":15,"column":4},"end":{"line":15,"column":42}}],"line":15}},"s":{"0":1,"1":1,"2":2,"3":1,"4":0,"5":0,"6":0,"7":0,"8":1,"9":0,"10":10,"11":0},"f":{"0":1,"1":2,"2":0,"3":0,"4":10,"5":0},"b":{"0":[0,0]},"_coverageSchema":"1a1c01bbd47fc00a2c39e90264f33305004495a9","hash":"a9365c7169d09c2376c3f4df0e58d5c855973cf5"}
,"C:\\Users\\ACER\\Desktop\\gitprueba\\skylab-bootcamp-202107-bcn\\manuel-barra\\lectures\\userlistv2\\src\\pages\\List\\List.text.js": {"path":"C:\\Users\\ACER\\Desktop\\gitprueba\\skylab-bootcamp-202107-bcn\\manuel-barra\\lectures\\userlistv2\\src\\pages\\List\\List.text.js","statementMap":{"0":{"start":{"line":12,"column":0},"end":{"line":74,"column":3}},"1":{"start":{"line":13,"column":2},"end":{"line":20,"column":5}},"2":{"start":{"line":14,"column":4},"end":{"line":18,"column":6}},"3":{"start":{"line":19,"column":4},"end":{"line":19,"column":62}},"4":{"start":{"line":21,"column":2},"end":{"line":31,"column":5}},"5":{"start":{"line":22,"column":4},"end":{"line":30,"column":7}},"6":{"start":{"line":23,"column":6},"end":{"line":27,"column":8}},"7":{"start":{"line":28,"column":6},"end":{"line":28,"column":89}},"8":{"start":{"line":29,"column":6},"end":{"line":29,"column":67}},"9":{"start":{"line":32,"column":2},"end":{"line":59,"column":5}},"10":{"start":{"line":33,"column":4},"end":{"line":43,"column":7}},"11":{"start":{"line":34,"column":6},"end":{"line":38,"column":8}},"12":{"start":{"line":40,"column":6},"end":{"line":40,"column":90}},"13":{"start":{"line":41,"column":6},"end":{"line":41,"column":59}},"14":{"start":{"line":42,"column":6},"end":{"line":42,"column":64}},"15":{"start":{"line":45,"column":4},"end":{"line":58,"column":7}},"16":{"start":{"line":46,"column":23},"end":{"line":46,"column":32}},"17":{"start":{"line":47,"column":26},"end":{"line":47,"column":63}},"18":{"start":{"line":48,"column":6},"end":{"line":48,"column":44}},"19":{"start":{"line":49,"column":6},"end":{"line":53,"column":8}},"20":{"start":{"line":55,"column":6},"end":{"line":55,"column":90}},"21":{"start":{"line":56,"column":6},"end":{"line":56,"column":59}},"22":{"start":{"line":57,"column":6},"end":{"line":57,"column":100}},"23":{"start":{"line":60,"column":2},"end":{"line":73,"column":5}},"24":{"start":{"line":61,"column":4},"end":{"line":72,"column":7}},"25":{"start":{"line":62,"column":23},"end":{"line":62,"column":32}},"26":{"start":{"line":63,"column":26},"end":{"line":63,"column":63}},"27":{"start":{"line":64,"column":6},"end":{"line":64,"column":44}},"28":{"start":{"line":65,"column":6},"end":{"line":69,"column":8}},"29":{"start":{"line":70,"column":6},"end":{"line":70,"column":59}},"30":{"start":{"line":71,"column":6},"end":{"line":71,"column":46}}},"fnMap":{"0":{"name":"(anonymous_0)","decl":{"start":{"line":12,"column":35},"end":{"line":12,"column":36}},"loc":{"start":{"line":12,"column":41},"end":{"line":74,"column":1}},"line":12},"1":{"name":"(anonymous_1)","decl":{"start":{"line":13,"column":56},"end":{"line":13,"column":57}},"loc":{"start":{"line":13,"column":62},"end":{"line":20,"column":3}},"line":13},"2":{"name":"(anonymous_2)","decl":{"start":{"line":21,"column":54},"end":{"line":21,"column":55}},"loc":{"start":{"line":21,"column":60},"end":{"line":31,"column":3}},"line":21},"3":{"name":"(anonymous_3)","decl":{"start":{"line":22,"column":42},"end":{"line":22,"column":43}},"loc":{"start":{"line":22,"column":48},"end":{"line":30,"column":5}},"line":22},"4":{"name":"(anonymous_4)","decl":{"start":{"line":32,"column":78},"end":{"line":32,"column":79}},"loc":{"start":{"line":32,"column":84},"end":{"line":59,"column":3}},"line":32},"5":{"name":"(anonymous_5)","decl":{"start":{"line":33,"column":43},"end":{"line":33,"column":44}},"loc":{"start":{"line":33,"column":49},"end":{"line":43,"column":5}},"line":33},"6":{"name":"(anonymous_6)","decl":{"start":{"line":45,"column":98},"end":{"line":45,"column":99}},"loc":{"start":{"line":45,"column":104},"end":{"line":58,"column":5}},"line":45},"7":{"name":"(anonymous_7)","decl":{"start":{"line":60,"column":75},"end":{"line":60,"column":76}},"loc":{"start":{"line":60,"column":81},"end":{"line":73,"column":3}},"line":60},"8":{"name":"(anonymous_8)","decl":{"start":{"line":61,"column":98},"end":{"line":61,"column":99}},"loc":{"start":{"line":61,"column":104},"end":{"line":72,"column":5}},"line":61}},"branchMap":{},"s":{"0":0,"1":0,"2":0,"3":0,"4":0,"5":0,"6":0,"7":0,"8":0,"9":0,"10":0,"11":0,"12":0,"13":0,"14":0,"15":0,"16":0,"17":0,"18":0,"19":0,"20":0,"21":0,"22":0,"23":0,"24":0,"25":0,"26":0,"27":0,"28":0,"29":0,"30":0},"f":{"0":0,"1":0,"2":0,"3":0,"4":0,"5":0,"6":0,"7":0,"8":0},"b":{}}
,"C:\\Users\\ACER\\Desktop\\gitprueba\\skylab-bootcamp-202107-bcn\\manuel-barra\\lectures\\userlistv2\\src\\pages\\NotFound\\NotFound.jsx": {"path":"C:\\Users\\ACER\\Desktop\\gitprueba\\skylab-bootcamp-202107-bcn\\manuel-barra\\lectures\\userlistv2\\src\\pages\\NotFound\\NotFound.jsx","statementMap":{"0":{"start":{"line":4,"column":2},"end":{"line":8,"column":4}}},"fnMap":{"0":{"name":"NotFound","decl":{"start":{"line":3,"column":9},"end":{"line":3,"column":17}},"loc":{"start":{"line":3,"column":20},"end":{"line":9,"column":1}},"line":3}},"branchMap":{},"s":{"0":1},"f":{"0":1},"b":{},"_coverageSchema":"1a1c01bbd47fc00a2c39e90264f33305004495a9","hash":"18853ef3f1a7cdd6f5fa3dcefbc7aefadbd62739"}
,"C:\\Users\\ACER\\Desktop\\gitprueba\\skylab-bootcamp-202107-bcn\\manuel-barra\\lectures\\userlistv2\\src\\redux\\actions\\action.types.js": {"path":"C:\\Users\\ACER\\Desktop\\gitprueba\\skylab-bootcamp-202107-bcn\\manuel-barra\\lectures\\userlistv2\\src\\redux\\actions\\action.types.js","statementMap":{},"fnMap":{},"branchMap":{},"s":{},"f":{},"b":{},"_coverageSchema":"1a1c01bbd47fc00a2c39e90264f33305004495a9","hash":"5ba337523ce352e9471f4e1a1f9ee55586a5791f"}
,"C:\\Users\\ACER\\Desktop\\gitprueba\\skylab-bootcamp-202107-bcn\\manuel-barra\\lectures\\userlistv2\\src\\redux\\reducers\\index.js": {"path":"C:\\Users\\ACER\\Desktop\\gitprueba\\skylab-bootcamp-202107-bcn\\manuel-barra\\lectures\\userlistv2\\src\\redux\\reducers\\index.js","statementMap":{},"fnMap":{},"branchMap":{},"s":{},"f":{},"b":{},"_coverageSchema":"1a1c01bbd47fc00a2c39e90264f33305004495a9","hash":"e40f2afa3ceece196c4a14ef564354ee48c1225a"}
,"C:\\Users\\ACER\\Desktop\\gitprueba\\skylab-bootcamp-202107-bcn\\manuel-barra\\lectures\\userlistv2\\src\\redux\\reducers\\usersReducer.js": {"path":"C:\\Users\\ACER\\Desktop\\gitprueba\\skylab-bootcamp-202107-bcn\\manuel-barra\\lectures\\userlistv2\\src\\redux\\reducers\\usersReducer.js","statementMap":{"0":{"start":{"line":5,"column":17},"end":{"line":5,"column":22}},"1":{"start":{"line":6,"column":2},"end":{"line":22,"column":3}},"2":{"start":{"line":8,"column":6},"end":{"line":11,"column":9}},"3":{"start":{"line":10,"column":58},"end":{"line":10,"column":61}},"4":{"start":{"line":12,"column":6},"end":{"line":12,"column":12}},"5":{"start":{"line":14,"column":6},"end":{"line":14,"column":67}},"6":{"start":{"line":14,"column":45},"end":{"line":14,"column":65}},"7":{"start":{"line":15,"column":6},"end":{"line":15,"column":12}},"8":{"start":{"line":17,"column":6},"end":{"line":18,"column":98}},"9":{"start":{"line":18,"column":24},"end":{"line":18,"column":95}},"10":{"start":{"line":19,"column":6},"end":{"line":19,"column":12}},"11":{"start":{"line":21,"column":6},"end":{"line":21,"column":12}},"12":{"start":{"line":23,"column":2},"end":{"line":23,"column":18}}},"fnMap":{"0":{"name":"usersReducer","decl":{"start":{"line":4,"column":9},"end":{"line":4,"column":21}},"loc":{"start":{"line":4,"column":49},"end":{"line":24,"column":1}},"line":4},"1":{"name":"(anonymous_1)","decl":{"start":{"line":10,"column":46},"end":{"line":10,"column":47}},"loc":{"start":{"line":10,"column":58},"end":{"line":10,"column":61}},"line":10},"2":{"name":"(anonymous_2)","decl":{"start":{"line":14,"column":33},"end":{"line":14,"column":34}},"loc":{"start":{"line":14,"column":45},"end":{"line":14,"column":65}},"line":14},"3":{"name":"(anonymous_3)","decl":{"start":{"line":18,"column":13},"end":{"line":18,"column":14}},"loc":{"start":{"line":18,"column":24},"end":{"line":18,"column":95}},"line":18}},"branchMap":{"0":{"loc":{"start":{"line":4,"column":22},"end":{"line":4,"column":39}},"type":"default-arg","locations":[{"start":{"line":4,"column":30},"end":{"line":4,"column":39}}],"line":4},"1":{"loc":{"start":{"line":6,"column":2},"end":{"line":22,"column":3}},"type":"switch","locations":[{"start":{"line":7,"column":4},"end":{"line":12,"column":12}},{"start":{"line":13,"column":4},"end":{"line":15,"column":12}},{"start":{"line":16,"column":4},"end":{"line":19,"column":12}},{"start":{"line":20,"column":4},"end":{"line":21,"column":12}}],"line":6},"2":{"loc":{"start":{"line":18,"column":24},"end":{"line":18,"column":95}},"type":"cond-expr","locations":[{"start":{"line":18,"column":57},"end":{"line":18,"column":88}},{"start":{"line":18,"column":91},"end":{"line":18,"column":95}}],"line":18}},"s":{"0":23,"1":23,"2":2,"3":20,"4":2,"5":2,"6":20,"7":2,"8":2,"9":20,"10":2,"11":17,"12":23},"f":{"0":23,"1":20,"2":20,"3":20},"b":{"0":[13],"1":[2,2,2,17],"2":[2,18]},"_coverageSchema":"1a1c01bbd47fc00a2c39e90264f33305004495a9","hash":"6451dad7cc669ffd7e952f3f9f45c84cbd855fdc"}
,"C:\\Users\\ACER\\Desktop\\gitprueba\\skylab-bootcamp-202107-bcn\\manuel-barra\\lectures\\userlistv2\\src\\redux\\store\\index.js": {"path":"C:\\Users\\ACER\\Desktop\\gitprueba\\skylab-bootcamp-202107-bcn\\manuel-barra\\lectures\\userlistv2\\src\\redux\\store\\index.js","statementMap":{"0":{"start":{"line":5,"column":27},"end":{"line":5,"column":81}},"1":{"start":{"line":7,"column":2},"end":{"line":11,"column":4}}},"fnMap":{"0":{"name":"(anonymous_0)","decl":{"start":{"line":4,"column":15},"end":{"line":4,"column":16}},"loc":{"start":{"line":4,"column":33},"end":{"line":12,"column":1}},"line":4}},"branchMap":{"0":{"loc":{"start":{"line":5,"column":27},"end":{"line":5,"column":81}},"type":"binary-expr","locations":[{"start":{"line":5,"column":27},"end":{"line":5,"column":70}},{"start":{"line":5,"column":74},"end":{"line":5,"column":81}}],"line":5}},"s":{"0":7,"1":7},"f":{"0":7},"b":{"0":[7,7]},"_coverageSchema":"1a1c01bbd47fc00a2c39e90264f33305004495a9","hash":"bc092f36bc779fe3e47b6bf5a27bd7c467fe6f0c"}
,"C:\\Users\\ACER\\Desktop\\gitprueba\\skylab-bootcamp-202107-bcn\\manuel-barra\\lectures\\userlistv2\\src\\utils\\test-utils.js": {"path":"C:\\Users\\ACER\\Desktop\\gitprueba\\skylab-bootcamp-202107-bcn\\manuel-barra\\lectures\\userlistv2\\src\\utils\\test-utils.js","statementMap":{"0":{"start":{"line":19,"column":4},"end":{"line":25,"column":6}},"1":{"start":{"line":27,"column":2},"end":{"line":27,"column":63}}},"fnMap":{"0":{"name":"render","decl":{"start":{"line":11,"column":9},"end":{"line":11,"column":15}},"loc":{"start":{"line":17,"column":2},"end":{"line":28,"column":1}},"line":17},"1":{"name":"Wrapper","decl":{"start":{"line":18,"column":11},"end":{"line":18,"column":18}},"loc":{"start":{"line":18,"column":33},"end":{"line":26,"column":3}},"line":18}},"branchMap":{"0":{"loc":{"start":{"line":13,"column":2},"end":{"line":16,"column":8}},"type":"default-arg","locations":[{"start":{"line":16,"column":6},"end":{"line":16,"column":8}}],"line":13}},"s":{"0":6,"1":6},"f":{"0":6,"1":6},"b":{"0":[2]},"_coverageSchema":"1a1c01bbd47fc00a2c39e90264f33305004495a9","hash":"29608c3b47b0ac000c4e01c88391428656fff02e"}
}
