TN:
SF:src\App.jsx
FN:17,App
FNF:1
FNH:1
FNDA:1,App
DA:18,1
LF:1
LH:1
BRF:0
BRH:0
end_of_record
TN:
SF:src\index.jsx
FNF:0
FNH:0
DA:8,0
DA:18,0
LF:2
LH:0
BRF:0
BRH:0
end_of_record
TN:
SF:src\reportWebVitals.js
FN:1,(anonymous_0)
FN:3,(anonymous_1)
FNF:2
FNH:0
FNDA:0,(anonymous_0)
FNDA:0,(anonymous_1)
DA:1,0
DA:2,0
DA:3,0
DA:6,0
DA:7,0
DA:8,0
DA:9,0
DA:10,0
LF:8
LH:0
BRDA:2,0,0,0
BRDA:2,0,1,0
BRDA:2,1,0,0
BRDA:2,1,1,0
BRF:4
BRH:0
end_of_record
TN:
SF:src\components\Header\Header.jsx
FN:5,Header
FNF:1
FNH:1
FNDA:2,Header
DA:6,2
LF:1
LH:1
BRF:0
BRH:0
end_of_record
TN:
SF:src\components\UserForm\UserForm.jsx
FN:4,UserForm
FNF:1
FNH:1
FNDA:4,UserForm
DA:7,4
LF:1
LH:1
BRF:0
BRH:0
end_of_record
TN:
SF:src\constants\users.mock.js
FNF:0
FNH:0
LF:0
LH:0
BRF:0
BRH:0
end_of_record
TN:
SF:src\pages\Detail\Detail.jsx
FN:11,Detail
FN:14,(anonymous_1)
FN:15,(anonymous_2)
FN:17,changeUser
FN:21,changeAddressUser
FN:25,changeCompanyUser
FN:45,(anonymous_6)
FNF:7
FNH:4
FNDA:2,Detail
FNDA:4,(anonymous_1)
FNDA:20,(anonymous_2)
FNDA:0,changeUser
FNDA:0,changeAddressUser
FNDA:0,changeCompanyUser
FNDA:1,(anonymous_6)
DA:12,2
DA:13,2
DA:14,4
DA:15,20
DA:18,0
DA:22,0
DA:26,0
DA:29,2
DA:45,1
LF:9
LH:6
BRF:0
BRH:0
end_of_record
TN:
SF:src\pages\List\List.jsx
FN:9,List
FN:11,(anonymous_1)
FN:14,createUser
FN:29,(anonymous_3)
FN:40,(anonymous_4)
FN:51,(anonymous_5)
FNF:6
FNH:3
FNDA:1,List
FNDA:2,(anonymous_1)
FNDA:0,createUser
FNDA:0,(anonymous_3)
FNDA:10,(anonymous_4)
FNDA:0,(anonymous_5)
DA:10,1
DA:11,2
DA:12,1
DA:15,0
DA:16,0
DA:20,0
DA:23,1
DA:29,0
DA:41,10
DA:51,0
LF:10
LH:5
BRDA:15,0,0,0
BRDA:15,0,1,0
BRF:2
BRH:0
end_of_record
TN:
SF:src\pages\List\List.text.js
FN:12,(anonymous_0)
FN:13,(anonymous_1)
FN:21,(anonymous_2)
FN:22,(anonymous_3)
FN:32,(anonymous_4)
FN:33,(anonymous_5)
FN:45,(anonymous_6)
FN:60,(anonymous_7)
FN:61,(anonymous_8)
FNF:9
FNH:0
FNDA:0,(anonymous_0)
FNDA:0,(anonymous_1)
FNDA:0,(anonymous_2)
FNDA:0,(anonymous_3)
FNDA:0,(anonymous_4)
FNDA:0,(anonymous_5)
FNDA:0,(anonymous_6)
FNDA:0,(anonymous_7)
FNDA:0,(anonymous_8)
DA:12,0
DA:13,0
DA:14,0
DA:19,0
DA:21,0
DA:22,0
DA:23,0
DA:28,0
DA:29,0
DA:32,0
DA:33,0
DA:34,0
DA:40,0
DA:41,0
DA:42,0
DA:45,0
DA:46,0
DA:47,0
DA:48,0
DA:49,0
DA:55,0
DA:56,0
DA:57,0
DA:60,0
DA:61,0
DA:62,0
DA:63,0
DA:64,0
DA:65,0
DA:70,0
DA:71,0
LF:31
LH:0
BRF:0
BRH:0
end_of_record
TN:
SF:src\pages\NotFound\NotFound.jsx
FN:3,NotFound
FNF:1
FNH:1
FNDA:1,NotFound
DA:4,1
LF:1
LH:1
BRF:0
BRH:0
end_of_record
TN:
SF:src\redux\actions\action.types.js
FNF:0
FNH:0
LF:0
LH:0
BRF:0
BRH:0
end_of_record
TN:
SF:src\redux\reducers\index.js
FNF:0
FNH:0
LF:0
LH:0
BRF:0
BRH:0
end_of_record
TN:
SF:src\redux\reducers\usersReducer.js
FN:4,usersReducer
FN:10,(anonymous_1)
FN:14,(anonymous_2)
FN:18,(anonymous_3)
FNF:4
FNH:4
FNDA:23,usersReducer
FNDA:20,(anonymous_1)
FNDA:20,(anonymous_2)
FNDA:20,(anonymous_3)
DA:5,23
DA:6,23
DA:8,2
DA:10,20
DA:12,2
DA:14,20
DA:15,2
DA:17,2
DA:18,20
DA:19,2
DA:21,17
DA:23,23
LF:12
LH:12
BRDA:4,0,0,13
BRDA:6,1,0,2
BRDA:6,1,1,2
BRDA:6,1,2,2
BRDA:6,1,3,17
BRDA:18,2,0,2
BRDA:18,2,1,18
BRF:7
BRH:7
end_of_record
TN:
SF:src\redux\store\index.js
FN:4,(anonymous_0)
FNF:1
FNH:1
FNDA:7,(anonymous_0)
DA:5,7
DA:7,7
LF:2
LH:2
BRDA:5,0,0,7
BRDA:5,0,1,7
BRF:2
BRH:2
end_of_record
TN:
SF:src\utils\test-utils.js
FN:11,render
FN:18,Wrapper
FNF:2
FNH:2
FNDA:6,render
FNDA:6,Wrapper
DA:19,6
DA:27,6
LF:2
LH:2
BRDA:13,0,0,2
BRF:1
BRH:1
end_of_record
