<?xml version="1.0" encoding="UTF-8"?>
<coverage generated="1627069145540" clover="3.2.0">
  <project timestamp="1627069145540" name="All files">
    <metrics statements="15" coveredstatements="12" conditionals="2" coveredconditionals="2" methods="5" coveredmethods="4" elements="22" coveredelements="18" complexity="0" loc="15" ncloc="15" packages="1" files="2" classes="2"/>
    <file name="details.class.js" path="C:\Users\ACER\Desktop\gitprueba\skylab-bootcamp-202107-bcn\manuel-barra\challenges\tour-of-heroes-vanilla\src\pages\Details\details.class.js">
      <metrics statements="6" coveredstatements="3" conditionals="0" coveredconditionals="0" methods="3" coveredmethods="2"/>
      <line num="3" count="2" type="stmt"/>
      <line num="4" count="2" type="stmt"/>
      <line num="8" count="0" type="stmt"/>
      <line num="9" count="0" type="stmt"/>
      <line num="10" count="0" type="stmt"/>
      <line num="14" count="1" type="stmt"/>
    </file>
    <file name="transformUrlQueryToObject.js" path="C:\Users\ACER\Desktop\gitprueba\skylab-bootcamp-202107-bcn\manuel-barra\challenges\tour-of-heroes-vanilla\src\pages\Details\transformUrlQueryToObject.js">
      <metrics statements="9" coveredstatements="9" conditionals="2" coveredconditionals="2" methods="2" coveredmethods="2"/>
      <line num="2" count="7" type="stmt"/>
      <line num="4" count="7" type="cond" truecount="2" falsecount="0"/>
      <line num="5" count="6" type="stmt"/>
      <line num="6" count="6" type="stmt"/>
      <line num="7" count="6" type="stmt"/>
      <line num="8" count="10" type="stmt"/>
      <line num="9" count="10" type="stmt"/>
      <line num="13" count="7" type="stmt"/>
      <line num="16" count="1" type="stmt"/>
    </file>
  </project>
</coverage>
