TN:
SF:src\pages\Details\details.class.js
FN:2,(anonymous_0)
FN:4,(anonymous_1)
FN:7,(anonymous_2)
FNF:3
FNH:2
FNDA:2,(anonymous_0)
FNDA:2,(anonymous_1)
FNDA:0,(anonymous_2)
DA:3,2
DA:4,2
DA:8,0
DA:9,0
DA:10,0
DA:14,1
LF:6
LH:3
BRF:0
BRH:0
end_of_record
TN:
SF:src\pages\Details\transformUrlQueryToObject.js
FN:1,transformUrlQueryToObject
FN:7,(anonymous_1)
FNF:2
FNH:2
FNDA:7,transformUrlQueryToObject
FNDA:10,(anonymous_1)
DA:2,7
DA:4,7
DA:5,6
DA:6,6
DA:7,6
DA:8,10
DA:9,10
DA:13,7
DA:16,1
LF:9
LH:9
BRDA:4,0,0,6
BRDA:4,0,1,1
BRF:2
BRH:2
end_of_record
